BinomialHeap 65535 32767

# Warmup Iteration 1: 2256.538 ns/op
# Warmup Iteration 2: 1565.500 ns/op
# Warmup Iteration 3: 1566.807 ns/op
Iteration 1: 1555.179 ns/op
Iteration 2: 1609.850 ns/op
Iteration 3: 1570.835 ns/op

1578.622 ±(99.0%) 161.332 ns/op [Average]
(min, avg, max) = (1555.179, 1578.622, 1609.850), stdev = 28.155
CI (99.0%): [1417.290, 1739.953] (normal [t] distribution)


BinomialHeap 262143 131071

# Warmup Iteration 1: 2021.633 ns/op
# Warmup Iteration 2: 2016.769 ns/op
# Warmup Iteration 3: 2057.669 ns/op
Iteration 1: 2028.163 ns/op
Iteration 2: 2059.878 ns/op
Iteration 3: 2032.924 ns/op

2040.322 ±(99.0%) 97.999 ns/op [Average]
(min, avg, max) = (2028.163, 2040.322, 2059.878), stdev = 17.102
CI (99.0%): [1942.323, 2138.321] (normal [t] distribution)


BinomialHeap 524287 262143

# Warmup Iteration 1: 2271.552 ns/op
# Warmup Iteration 2: 2210.593 ns/op
# Warmup Iteration 3: 2265.823 ns/op
Iteration 1: 2288.608 ns/op
Iteration 2: 2292.857 ns/op
Iteration 3: 2319.328 ns/op

2300.264 ±(99.0%) 95.382 ns/op [Average]
(min, avg, max) = (2288.608, 2300.264, 2319.328), stdev = 16.646
CI (99.0%): [2204.882, 2395.646] (normal [t] distribution)


BinomialHeap 1048575 524287

# Warmup Iteration 1: 2574.107 ns/op
# Warmup Iteration 2: 2504.425 ns/op
# Warmup Iteration 3: 2464.602 ns/op
Iteration 1: 2567.257 ns/op
Iteration 2: 2545.614 ns/op
Iteration 3: 2477.876 ns/op

2530.249 ±(99.0%) 267.191 ns/op [Average]
(min, avg, max) = (2477.876, 2530.249, 2567.257), stdev = 46.629
CI (99.0%): [2263.058, 2797.440] (normal [t] distribution)


BinomialHeap.1048575.524287 2530.249 ± 267.191 ns/op
BinomialHeap.524287.262143 2300.264 ± 95.382 ns/op
BinomialHeap.262143.131071 2040.322 ± 97.999 ns/op
BinomialHeap.65535.32767  1578.622 ± 161.332 ns/op
black hole: 41144.18003529952
[INFO] Tests run: 1, Failures: 0, Errors: 0, Skipped: 0, Time elapsed: 240.592 s - in honours.heaps.merge.perf.manual.ManualBinomialPerfTest
[INFO] Running honours.heaps.merge.perf.manual.ManualFibonacciPerfTest
=========================================================================================
FibonacciHeap 65535 32767

# Warmup Iteration 1: 199.890 ns/op
# Warmup Iteration 2: 109.889 ns/op
# Warmup Iteration 3: 105.361 ns/op
Iteration 1: 103.322 ns/op
Iteration 2: 103.786 ns/op
Iteration 3: 103.983 ns/op

103.697 ±(99.0%) 1.944 ns/op [Average]
(min, avg, max) = (103.322, 103.697, 103.983), stdev = 0.339
CI (99.0%): [101.753, 105.641] (normal [t] distribution)


FibonacciHeap 262143 131071

# Warmup Iteration 1: 144.872 ns/op
# Warmup Iteration 2: 144.573 ns/op
# Warmup Iteration 3: 145.017 ns/op
Iteration 1: 141.211 ns/op
Iteration 2: 144.223 ns/op
Iteration 3: 141.780 ns/op

142.405 ±(99.0%) 9.170 ns/op [Average]
(min, avg, max) = (141.211, 142.405, 144.223), stdev = 1.600
CI (99.0%): [133.234, 151.575] (normal [t] distribution)


FibonacciHeap 524287 262143

# Warmup Iteration 1: 168.545 ns/op
# Warmup Iteration 2: 173.684 ns/op
# Warmup Iteration 3: 173.537 ns/op
Iteration 1: 179.965 ns/op
Iteration 2: 175.241 ns/op
Iteration 3: 171.951 ns/op

175.719 ±(99.0%) 23.082 ns/op [Average]
(min, avg, max) = (171.951, 175.719, 179.965), stdev = 4.028
CI (99.0%): [152.637, 198.801] (normal [t] distribution)


FibonacciHeap 1048575 524287

# Warmup Iteration 1: 209.634 ns/op
# Warmup Iteration 2: 206.632 ns/op
# Warmup Iteration 3: 203.141 ns/op
Iteration 1: 203.826 ns/op
Iteration 2: 203.316 ns/op
Iteration 3: 211.169 ns/op

206.104 ±(99.0%) 25.180 ns/op [Average]
(min, avg, max) = (203.316, 206.104, 211.169), stdev = 4.394
CI (99.0%): [180.924, 231.284] (normal [t] distribution)


FibonacciHeap.1048575.524287 206.104 ± 25.180 ns/op
FibonacciHeap.524287.262143 175.719 ± 23.082 ns/op
FibonacciHeap.262143.131071 142.405 ± 9.170 ns/op
FibonacciHeap.65535.32767 103.697 ± 1.944 ns/op
black hole: 7818.075434867515
[INFO] Tests run: 1, Failures: 0, Errors: 0, Skipped: 0, Time elapsed: 240.2 s - in honours.heaps.merge.perf.manual.ManualFibonacciPerfTest
[INFO] Running honours.heaps.merge.perf.manual.ManualLeftistPerfTest
=========================================================================================
LeftistHeap 65535 32767

# Warmup Iteration 1: 3103.628 ns/op
# Warmup Iteration 2: 1946.512 ns/op
# Warmup Iteration 3: 1995.565 ns/op
Iteration 1: 1971.667 ns/op
Iteration 2: 1951.778 ns/op
Iteration 3: 1978.492 ns/op

1967.312 ±(99.0%) 79.530 ns/op [Average]
(min, avg, max) = (1951.778, 1967.312, 1978.492), stdev = 13.879
CI (99.0%): [1887.782, 2046.842] (normal [t] distribution)


LeftistHeap 262143 131071

# Warmup Iteration 1: 2430.256 ns/op
# Warmup Iteration 2: 2452.500 ns/op
# Warmup Iteration 3: 2357.711 ns/op
Iteration 1: 2427.861 ns/op
Iteration 2: 2499.000 ns/op
Iteration 3: 2369.802 ns/op

2432.221 ±(99.0%) 370.791 ns/op [Average]
(min, avg, max) = (2369.802, 2432.221, 2499.000), stdev = 64.709
CI (99.0%): [2061.430, 2803.012] (normal [t] distribution)


LeftistHeap 524287 262143

# Warmup Iteration 1: 2894.737 ns/op
# Warmup Iteration 2: 2921.053 ns/op
# Warmup Iteration 3: 2841.489 ns/op
Iteration 1: 2961.053 ns/op
Iteration 2: 3017.895 ns/op
Iteration 3: 3001.053 ns/op

2993.333 ±(99.0%) 167.300 ns/op [Average]
(min, avg, max) = (2961.053, 2993.333, 3017.895), stdev = 29.197
CI (99.0%): [2826.033, 3160.634] (normal [t] distribution)


LeftistHeap 1048575 524287

# Warmup Iteration 1: 4168.889 ns/op
# Warmup Iteration 2: 3977.778 ns/op
# Warmup Iteration 3: 4080.000 ns/op
Iteration 1: 4264.444 ns/op
Iteration 2: 4246.667 ns/op
Iteration 3: 4180.000 ns/op

4230.370 ±(99.0%) 255.096 ns/op [Average]
(min, avg, max) = (4180.000, 4230.370, 4264.444), stdev = 44.518
CI (99.0%): [3975.275, 4485.466] (normal [t] distribution)


LeftistHeap.1048575.524287 4230.370 ± 255.096 ns/op
LeftistHeap.524287.262143 2993.333 ± 167.300 ns/op
LeftistHeap.262143.131071 2432.221 ± 370.791 ns/op
LeftistHeap.65535.32767   1967.312 ± 79.530 ns/op
black hole: 7928.403155472484
[INFO] Tests run: 1, Failures: 0, Errors: 0, Skipped: 0, Time elapsed: 241.161 s - in honours.heaps.merge.perf.manual.ManualLeftistPerfTest
[INFO] Running honours.heaps.merge.perf.manual.ManualMergeOnlyPennantForestPerfTest
=========================================================================================
MergePennantForest 65535 32767

# Warmup Iteration 1: 17022.032 ns/op
# Warmup Iteration 2: 9006.424 ns/op
# Warmup Iteration 3: 8928.906 ns/op
Iteration 1: 8934.336 ns/op
Iteration 2: 8865.943 ns/op
Iteration 3: 8653.216 ns/op

8817.832 ±(99.0%) 840.064 ns/op [Average]
(min, avg, max) = (8653.216, 8817.832, 8934.336), stdev = 146.605
CI (99.0%): [7977.768, 9657.896] (normal [t] distribution)


MergePennantForest 262143 131071

# Warmup Iteration 1: 13400.356 ns/op
# Warmup Iteration 2: 13231.317 ns/op
# Warmup Iteration 3: 18893.640 ns/op
Iteration 1: 13521.127 ns/op
Iteration 2: 13378.521 ns/op
Iteration 3: 13555.986 ns/op

13485.211 ±(99.0%) 538.779 ns/op [Average]
(min, avg, max) = (13378.521, 13485.211, 13555.986), stdev = 94.026
CI (99.0%): [12946.432, 14023.990] (normal [t] distribution)


MergePennantForest 524287 262143

# Warmup Iteration 1: 14534.815 ns/op
# Warmup Iteration 2: 14004.348 ns/op
# Warmup Iteration 3: 14269.343 ns/op
Iteration 1: 13991.971 ns/op
Iteration 2: 14285.401 ns/op
Iteration 3: 13987.591 ns/op

14088.321 ±(99.0%) 978.076 ns/op [Average]
(min, avg, max) = (13987.591, 14088.321, 14285.401), stdev = 170.691
CI (99.0%): [13110.245, 15066.397] (normal [t] distribution)


MergePennantForest 1048575 524287

# Warmup Iteration 1: 15459.701 ns/op
# Warmup Iteration 2: 15100.000 ns/op
# Warmup Iteration 3: 15285.938 ns/op
Iteration 1: 14850.000 ns/op
Iteration 2: 15262.687 ns/op
Iteration 3: 14795.522 ns/op

14969.403 ±(99.0%) 1463.742 ns/op [Average]
(min, avg, max) = (14795.522, 14969.403, 15262.687), stdev = 255.447
CI (99.0%): [13505.661, 16433.145] (normal [t] distribution)


MergePennantForest.1048575.524287 14969.403 ± 1463.742 ns/op
MergePennantForest.524287.262143 14088.321 ± 978.076 ns/op
MergePennantForest.262143.131071 13485.211 ± 538.779 ns/op
MergePennantForest.65535.32767 8817.832 ± 840.064 ns/op
black hole: 7795.712286614374
[INFO] Tests run: 1, Failures: 0, Errors: 0, Skipped: 0, Time elapsed: 240.702 s - in honours.heaps.merge.perf.manual.ManualMergeOnlyPennantForestPerfTest
[INFO] Running honours.heaps.merge.perf.manual.ManualPairingPerfTest
=========================================================================================
PairingHeap 65535 32767

# Warmup Iteration 1: 189.586 ns/op
# Warmup Iteration 2: 90.022 ns/op
# Warmup Iteration 3: 83.583 ns/op
Iteration 1: 85.816 ns/op
Iteration 2: 85.226 ns/op
Iteration 3: 92.387 ns/op

87.810 ±(99.0%) 22.778 ns/op [Average]
(min, avg, max) = (85.226, 87.810, 92.387), stdev = 3.975
CI (99.0%): [65.032, 110.588] (normal [t] distribution)


PairingHeap 262143 131071

# Warmup Iteration 1: 111.979 ns/op
# Warmup Iteration 2: 105.075 ns/op
# Warmup Iteration 3: 107.365 ns/op
Iteration 1: 111.439 ns/op
Iteration 2: 107.463 ns/op
Iteration 3: 109.851 ns/op

109.584 ±(99.0%) 11.469 ns/op [Average]
(min, avg, max) = (107.463, 109.584, 111.439), stdev = 2.001
CI (99.0%): [98.115, 121.053] (normal [t] distribution)


PairingHeap 524287 262143

# Warmup Iteration 1: 124.195 ns/op
# Warmup Iteration 2: 131.173 ns/op
# Warmup Iteration 3: 140.196 ns/op
Iteration 1: 135.481 ns/op
Iteration 2: 147.451 ns/op
Iteration 3: 145.946 ns/op

142.959 ±(99.0%) 37.359 ns/op [Average]
(min, avg, max) = (135.481, 142.959, 147.451), stdev = 6.520
CI (99.0%): [105.601, 180.318] (normal [t] distribution)


PairingHeap 1048575 524287

# Warmup Iteration 1: 235.119 ns/op
# Warmup Iteration 2: 236.800 ns/op
# Warmup Iteration 3: 286.667 ns/op
Iteration 1: 265.421 ns/op
Iteration 2: 277.982 ns/op
Iteration 3: 231.452 ns/op

258.285 ±(99.0%) 137.934 ns/op [Average]
(min, avg, max) = (231.452, 258.285, 277.982), stdev = 24.072
CI (99.0%): [120.350, 396.219] (normal [t] distribution)


PairingHeap.1048575.524287 258.285 ± 137.934 ns/op
PairingHeap.524287.262143 142.959 ± 37.359 ns/op
PairingHeap.262143.131071 109.584 ± 11.469 ns/op
PairingHeap.65535.32767   87.810 ± 22.778 ns/op
black hole: 7870.95120857593
[INFO] Tests run: 1, Failures: 0, Errors: 0, Skipped: 0, Time elapsed: 240.82 s - in honours.heaps.merge.perf.manual.ManualPairingPerfTest
[INFO] Running honours.heaps.merge.perf.manual.ManualPennantForestPerfTest
=========================================================================================
PennantForest 65535 32767

# Warmup Iteration 1: 28418.197 ns/op
# Warmup Iteration 2: 15274.940 ns/op
# Warmup Iteration 3: 15215.429 ns/op
Iteration 1: 15089.061 ns/op
Iteration 2: 15052.567 ns/op
Iteration 3: 15203.018 ns/op

15114.882 ±(99.0%) 449.691 ns/op [Average]
(min, avg, max) = (15052.567, 15114.882, 15203.018), stdev = 78.479
CI (99.0%): [14665.191, 15564.573] (normal [t] distribution)


PennantForest 262143 131071

# Warmup Iteration 1: 25835.915 ns/op
# Warmup Iteration 2: 25790.244 ns/op
# Warmup Iteration 3: 25306.620 ns/op
Iteration 1: 26060.284 ns/op
Iteration 2: 26111.661 ns/op
Iteration 3: 29493.487 ns/op

27221.810 ±(99.0%) 11273.976 ns/op [Average]
(min, avg, max) = (26060.284, 27221.810, 29493.487), stdev = 1967.497
CI (99.0%): [15947.834, 38495.787] (normal [t] distribution)


PennantForest 524287 262143

# Warmup Iteration 1: 31697.059 ns/op
# Warmup Iteration 2: 30977.536 ns/op
# Warmup Iteration 3: 30255.396 ns/op
Iteration 1: 30754.676 ns/op
Iteration 2: 30184.173 ns/op
Iteration 3: 30260.432 ns/op

30399.760 ±(99.0%) 1774.743 ns/op [Average]
(min, avg, max) = (30184.173, 30399.760, 30754.676), stdev = 309.722
CI (99.0%): [28625.017, 32174.503] (normal [t] distribution)


PennantForest 1048575 524287

# Warmup Iteration 1: 36319.118 ns/op
# Warmup Iteration 2: 37115.942 ns/op
# Warmup Iteration 3: 36714.706 ns/op
Iteration 1: 36520.588 ns/op
Iteration 2: 36930.882 ns/op
Iteration 3: 36054.412 ns/op

36501.961 ±(99.0%) 2512.838 ns/op [Average]
(min, avg, max) = (36054.412, 36501.961, 36930.882), stdev = 438.532
CI (99.0%): [33989.123, 39014.798] (normal [t] distribution)


PennantForest.1048575.524287 36501.961 ± 2512.838 ns/op
PennantForest.524287.262143 30399.760 ± 1774.743 ns/op
PennantForest.262143.131071 27221.810 ± 11273.976 ns/op
PennantForest.65535.32767 15114.882 ± 449.691 ns/op
black hole: 7795.222768914648
[INFO] Tests run: 1, Failures: 0, Errors: 0, Skipped: 0, Time elapsed: 240.7 s - in honours.heaps.merge.perf.manual.ManualPennantForestPerfTest
[INFO]
[INFO] Results:
[INFO]
[INFO] Tests run: 6, Failures: 0, Errors: 0, Skipped: 0
[INFO]
[INFO] ------------------------------------------------------------------------
[INFO] BUILD SUCCESS
[INFO] ------------------------------------------------------------------------
[INFO] Total time:  24:25 min
[INFO] Finished at: 2022-04-22T21:09:34-04:00
[INFO] ------------------------------------------------------------------------

Process finished with exit code 0
